[11:35:57] [main/INFO]: Environment: authHost='https://authserver.mojang.com', accountsHost='https://api.mojang.com', sessionHost='https://sessionserver.mojang.com', servicesHost='https://api.minecraftservices.com', name='PROD'
[11:35:57] [main/INFO]: Reloading ResourceManager: Default, bukkit
[11:35:59] [Worker-Main-13/INFO]: Loaded 7 recipes
[11:36:00] [Server thread/INFO]: Starting minecraft server version 1.17.1
[11:36:00] [Server thread/INFO]: Loading properties
[11:36:00] [Server thread/INFO]: Default game type: SURVIVAL
[11:36:00] [Server thread/INFO]: Generating keypair
[11:36:00] [Server thread/INFO]: Starting Minecraft server on *:25565
[11:36:00] [Server thread/INFO]: Using default channel type
[11:36:01] [Server thread/INFO]: This server is running CraftBukkit version 3243-Bukkit-d3cc412 (MC: 1.17.1) (Implementing API version 1.17.1-R0.1-SNAPSHOT)
[11:36:02] [Server thread/INFO]: [CrisTreeCapitator] Loading CrisTreeCapitator v6.2.7
[11:36:02] [Server thread/WARN]: **** SERVER IS RUNNING IN OFFLINE/INSECURE MODE!
[11:36:02] [Server thread/WARN]: The server will make no attempt to authenticate usernames. Beware.
[11:36:02] [Server thread/WARN]: While this makes the game possible to play without internet access, it also opens up the ability for hackers to connect with any username they choose.
[11:36:02] [Server thread/WARN]: To change this, set "online-mode" to "true" in the server.properties file.
[11:36:02] [Server thread/INFO]: Preparing level "world"
[11:36:02] [Server thread/INFO]: Preparing start region for dimension minecraft:overworld
[11:36:03] [Worker-Main-9/INFO]: Preparing spawn area: 0%
[11:36:03] [Worker-Main-9/INFO]: Preparing spawn area: 0%
[11:36:03] [Worker-Main-8/INFO]: Preparing spawn area: 0%
[11:36:04] [Worker-Main-9/INFO]: Preparing spawn area: 0%
[11:36:04] [Worker-Main-8/INFO]: Preparing spawn area: 0%
[11:36:05] [Worker-Main-12/INFO]: Preparing spawn area: 1%
[11:36:05] [Worker-Main-9/INFO]: Preparing spawn area: 5%
[11:36:06] [Worker-Main-13/INFO]: Preparing spawn area: 10%
[11:36:06] [Worker-Main-14/INFO]: Preparing spawn area: 13%
[11:36:07] [Worker-Main-12/INFO]: Preparing spawn area: 24%
[11:36:07] [Worker-Main-10/INFO]: Preparing spawn area: 36%
[11:36:08] [Worker-Main-12/INFO]: Preparing spawn area: 54%
[11:36:08] [Worker-Main-12/INFO]: Preparing spawn area: 67%
[11:36:09] [Worker-Main-10/INFO]: Preparing spawn area: 93%
[11:36:10] [Server thread/INFO]: Time elapsed: 7585 ms
[11:36:10] [Server thread/INFO]: Preparing start region for dimension minecraft:the_nether
[11:36:10] [Worker-Main-10/INFO]: Preparing spawn area: 0%
[11:36:11] [Worker-Main-10/INFO]: Preparing spawn area: 0%
[11:36:11] [Worker-Main-11/INFO]: Preparing spawn area: 0%
[11:36:12] [Worker-Main-12/INFO]: Preparing spawn area: 1%
[11:36:12] [Worker-Main-12/INFO]: Preparing spawn area: 8%
[11:36:13] [Worker-Main-9/INFO]: Preparing spawn area: 9%
[11:36:13] [Worker-Main-8/INFO]: Preparing spawn area: 20%
[11:36:14] [Worker-Main-8/INFO]: Preparing spawn area: 42%
[11:36:14] [Worker-Main-13/INFO]: Preparing spawn area: 61%
[11:36:15] [Worker-Main-13/INFO]: Preparing spawn area: 81%
[11:36:15] [Server thread/INFO]: Time elapsed: 5073 ms
[11:36:15] [Server thread/INFO]: Preparing start region for dimension minecraft:the_end
[11:36:15] [Worker-Main-11/INFO]: Preparing spawn area: 0%
[11:36:16] [Worker-Main-8/INFO]: Preparing spawn area: 0%
[11:36:16] [Worker-Main-10/INFO]: Preparing spawn area: 0%
[11:36:17] [Worker-Main-9/INFO]: Preparing spawn area: 6%
[11:36:17] [Worker-Main-8/INFO]: Preparing spawn area: 30%
[11:36:18] [Worker-Main-13/INFO]: Preparing spawn area: 48%
[11:36:18] [Worker-Main-14/INFO]: Preparing spawn area: 64%
[11:36:19] [Server thread/INFO]: Time elapsed: 3434 ms
[11:36:19] [Server thread/INFO]: [CrisTreeCapitator] Enabling CrisTreeCapitator v6.2.7
[11:36:19] [Server thread/INFO]: [CrisTreeCapitator] WorldGuard not found. Maybe WorldGuard or this plugin is not up to date?
[11:36:20] [Server thread/INFO]: [CrisTreeCapitator] Enabled
[11:36:20] [Server thread/INFO]: Server permissions file permissions.yml is empty, ignoring it
[11:36:20] [Server thread/INFO]: Done (18.176s)! For help, type "help"
[11:42:55] [Server thread/INFO]: nepharis[/25.14.206.56:60282] logged in with entity id 602 at ([world]-244.5, 67.0, 89.5)
[11:43:20] [Server thread/INFO]: nepharis lost connection: Disconnected
[11:43:20] [Server thread/INFO]: nepharis left the game
[11:43:55] [Server thread/INFO]: Gxxe[/25.14.206.56:52659] logged in with entity id 740 at ([world]-391.6469333976214, 63.0, -93.11539687647767)
[11:44:29] [Server thread/INFO]: Lamron[/25.71.26.103:59205] logged in with entity id 1108 at ([world]-394.14418569926545, 63.0, 78.30812461651587)
[11:44:31] [Server thread/INFO]: Villager EntityVillager['Villager'/315, l='ServerLevel[world]', x=-405.09, y=71.00, z=217.87] died, message: 'Villager hit the ground too hard'
[11:44:31] [Server thread/INFO]: Villager EntityVillager['Villager'/316, l='ServerLevel[world]', x=-404.91, y=71.00, z=215.18] died, message: 'Villager hit the ground too hard'
[11:48:29] [Server thread/INFO]: Lamron has completed the challenge [A Complete Catalogue]
[11:57:06] [Server thread/INFO]: NongBank[/25.14.244.91:51478] logged in with entity id 5219 at ([world]-285.7536942516891, 66.875, 92.92275134819148)
[11:58:08] [Server thread/WARN]: Boat (vehicle of Lamron) moved wrongly! 0.42187951861376405
[12:08:29] [Server thread/WARN]: Horse (vehicle of NongBank) moved wrongly! 0.4300118253027705
[12:08:29] [Server thread/WARN]: Horse (vehicle of NongBank) moved wrongly! 0.47225619208693104
[12:08:54] [Server thread/INFO]: NongBank lost connection: Disconnected
[12:08:54] [Server thread/INFO]: NongBank left the game
[12:11:25] [Server thread/INFO]: Lamron lost connection: Disconnected
[12:11:25] [Server thread/INFO]: Lamron left the game
[12:35:47] [Server thread/INFO]: Villager EntityVillager['Farmer'/457, l='ServerLevel[world_nether]', x=47.11, y=30.91, z=18.30] died, message: 'Farmer tried to swim in lava'
[14:47:45] [Server thread/INFO]: NongBank[/25.14.244.91:62932] logged in with entity id 37477 at ([world]-386.8450588539855, 63.0, -86.67037268176038)
[14:49:52] [Server thread/INFO]: NongBank was burnt to a crisp whilst fighting Gxxe
[14:51:42] [Server thread/INFO]: NongBank was shot by Skeleton
[15:12:39] [Server thread/INFO]: NongBank lost connection: Disconnected
[15:12:39] [Server thread/INFO]: NongBank left the game
[15:13:13] [Server thread/INFO]: KuncumArai[/25.49.42.54:50093] logged in with entity id 46663 at ([world]841.0500000119209, 72.125, 367.59693568038705)
[15:16:12] [Server thread/INFO]: KuncumArai lost connection: Disconnected
[15:16:12] [Server thread/INFO]: KuncumArai left the game
[15:54:43] [Server thread/INFO]: Gxxe was slain by Spider
[16:22:28] [Server thread/INFO]: Gxxe lost connection: Disconnected
[16:22:28] [Server thread/INFO]: Gxxe left the game
[16:45:12] [Server thread/INFO]: Gxxe[/25.14.206.56:63075] logged in with entity id 60777 at ([world]-322.40223198049415, 100.0, -93.29899180298638)
[16:55:59] [Server thread/INFO]: m4xexp-reload[/127.0.0.1:63803] logged in with entity id 63235 at ([world]-248.65606361360128, 70.0, 71.66045471241547)
[16:56:36] [Server thread/INFO]: m4xexp-reload issued server command: /gamemode spectator
[16:56:36] [Server thread/INFO]: [m4xexp-reload: Set own game mode to Spectator Mode]
[16:56:58] [Server thread/INFO]: m4xexp-reload issued server command: /gamemode survival
[16:56:58] [Server thread/INFO]: [m4xexp-reload: Set own game mode to Survival Mode]
[16:57:02] [Server thread/INFO]: m4xexp-reload lost connection: Disconnected
[16:57:02] [Server thread/INFO]: m4xexp-reload left the game
[18:06:56] [Server thread/INFO]: EAMJAI[/25.94.29.61:4593] logged in with entity id 78367 at ([world]-229.3414528071212, 65.0, 157.9517222739529)
[18:10:21] [Server thread/INFO]: EAMJAI lost connection: Disconnected
[18:10:21] [Server thread/INFO]: EAMJAI left the game
[18:18:32] [Server thread/INFO]: Gxxe lost connection: Disconnected
[18:18:32] [Server thread/INFO]: Gxxe left the game
